Arguments: 
  C:\Program Files\nodejs\node.exe C:\Users\HARSHIT SINGH\AppData\Roaming\npm\node_modules\yarn\bin\yarn.js

PATH: 
  C:\Users\HARSHIT SINGH\bin;C:\Program Files\Git\mingw64\bin;C:\Program Files\Git\usr\local\bin;C:\Program Files\Git\usr\bin;C:\Program Files\Git\usr\bin;C:\Program Files\Git\mingw64\bin;C:\Program Files\Git\usr\bin;C:\Users\HARSHIT SINGH\bin;C:\Program Files (x86)\Common Files\Oracle\Java\javapath;C:\Program Files (x86)\OpenJDK\jdk-8.0.362.09-hotspot\bin;C:\Windows\system32;C:\Windows;C:\Windows\System32\Wbem;C:\Windows\System32\WindowsPowerShell\v1.0;C:\Windows\System32\OpenSSH;C:\Program Files (x86)\NVIDIA Corporation\PhysX\Common;C:\Program Files\NVIDIA Corporation\NVIDIA NvDLISR;C:\Program Files\dotnet;D:\msys64\mingw64\bin;D:\java\bin;C:\Program Files\Git\cmd;C:\Program Files\nodejs;C:\Program Files\JAVA\jdk1.8.0_202\bin;C:\Users\HARSHIT SINGH\AppData\Local\Programs\Python\Python310;C:\Users\HARSHIT SINGH\AppData\Local\Programs\Python\Python310\Scripts;C:\Users\HARSHIT SINGH\AppData\Local\Programs\Microsoft VS Code\bin;C:\Program Files\MySQL\MySQL Shell 8.0\bin;C:\Users\HARSHIT SINGH\AppData\Local\Microsoft\WindowsApps;C:\Program Files\JetBrains\PyCharm Community Edition 2021.1.3\bin;%IntelliJ IDEA Community Edition%;C:\Users\HARSHIT SINGH\AppData\Roaming\npm;C:\Program Files\Git\usr\bin\vendor_perl;C:\Program Files\Git\usr\bin\core_perl

Yarn version: 
  1.22.19

Node version: 
  16.16.0

Platform: 
  win32 x64

Trace: 
  Error: connect ECONNABORTED 104.16.21.35:443
      at TCPConnectWrap.afterConnect [as oncomplete] (node:net:1187:16)

npm manifest: 
  {
    "name": "server",
    "version": "1.0.0",
    "description": "",
    "main": "index.js",
    "type": "module",
    "scripts": {
      "start": "nodemon index.js"
    },
    "author": "Harshit Singh",
    "license": "ISC",
    "dependencies": {
      "bcryptjs": "^2.4.3",
      "cors": "^2.8.5",
      "dotenv": "^16.0.3",
      "express": "^4.18.2",
      "jsonwebtoken": "^8.5.1",
      "mongoose": "^6.8.0",
      "nodemon": "^2.0.20"
    }
  }

yarn manifest: 
  No manifest

Lockfile: 
  No lockfile
